2025-09-07 09:37:24 [INFO]: Login attempt for email: epohherve63@gmail.com
2025-09-07 13:42:57 [INFO]: Login attempt for email: epohherve63@gmail.com
2025-09-07 13:42:58 [WARN]: Login failed: User with email epohherve63@gmail.com not found
2025-09-07 13:47:56 [INFO]: Login attempt for email: epohherve63@gmail.com
2025-09-07 13:47:56 [WARN]: Login failed: User with email epohherve63@gmail.com not found
2025-09-07 13:48:31 [INFO]: Login attempt for email: epohherve63@gmail.com
2025-09-07 16:59:29 [INFO]: Login attempt for email: epohherve63@gmail.com
2025-09-07 18:09:06 [INFO]: Login attempt for email: epohherve63@gmail.com
2025-09-07 18:18:19 [INFO]: Login attempt for email: epohherve63@gmail.com
2025-09-07 18:36:24 [INFO]: Login attempt for email: epohherve63@gmail.com
2025-09-07 18:41:59 [INFO]: Login attempt for email: epohherve63@gmail.com
2025-09-07 18:44:32 [INFO]: Login attempt for email: epohherve63@gmail.com
2025-09-07 18:51:48 [INFO]: Login attempt for email: epohherve63@gmail.com
2025-09-07 19:18:53 [INFO]: Login attempt for email: epohherve63@gmail.com
2025-09-07 19:26:43 [INFO]: Login attempt for email: epohherve63@gmail.com
2025-09-07 19:55:44 [INFO]: Login attempt for email: epohherve63@gmail.com
2025-09-07 20:26:26 [INFO]: Login attempt for email: epohherve63@gmail.com
2025-09-07 20:31:18 [INFO]: Login attempt for email: epohherve63@gmail.com
2025-09-07 20:35:17 [INFO]: Login attempt for email: epohherve63@gmail.com
2025-09-07 20:36:16 [INFO]: Login attempt for email: 1epohherve63@gmail.com
2025-09-07 20:37:21 [INFO]: Login attempt for email: epohherve63@gmail.com
2025-09-07 21:30:47 [INFO]: Login attempt for email: epohherve63@gmail.com
2025-09-07 21:36:05 [INFO]: Login attempt for email: epohherve63@gmail.com
2025-09-07 23:36:27 [INFO]: Login attempt for email: 2epohherve63@gmail.com
2025-09-07 23:37:11 [INFO]: Login attempt for email: 3epohherve63@gmail.com
2025-09-07 23:37:11 [WARN]: [USER_WITHOUT_ROLES] USER 3epohherve63@gmail.com (ID: 6) have beedn create but no role assign.
2025-09-07 23:37:48 [INFO]: Login attempt for email: 4epohherve63@gmail.com
2025-09-07 23:44:51 [INFO]: Login attempt for email: 5epohherve63@gmail.com
2025-09-07 23:44:51 [WARN]: Login failed: User with email 5epohherve63@gmail.com not found
2025-09-07 23:44:55 [INFO]: Login attempt for email: 5epohherve63@gmail.com
2025-09-07 23:44:55 [WARN]: Login failed: User with email 5epohherve63@gmail.com not found
2025-09-07 23:45:17 [INFO]: Login attempt for email: 5epohherve63@gmail.com
2025-09-07 23:45:17 [WARN]: [USER_WITHOUT_ROLES] USER 5epohherve63@gmail.com (ID: 8) have beedn create but no role assign.
2025-09-07 23:46:14 [INFO]: Login attempt for email: 6epohherve63@gmail.com
2025-09-07 23:47:36 [INFO]: Login attempt for email: 6epohherve63@gmail.com
